# JRE version: OpenJDK Runtime Environment (11.0.13) (build 11.0.13+0-b1751.21-8125866)
# Java VM: OpenJDK 64-Bit Server VM (11.0.13+0-b1751.21-8125866, mixed mode, tiered, compressed oops, g1 gc, windows-amd64)
Heap:
 garbage-first heap   total 479232K, used 225329K [0x0000000080000000, 0x0000000100000000)
  region size 1024K, 6 young (6144K), 6 survivors (6144K)
 Metaspace       used 114721K, capacity 117358K, committed 117660K, reserved 1150976K
  class space    used 14499K, capacity 15536K, committed 15640K, reserved 1048576K
GC Heap History (20 events):
Event: 15.376 GC heap after
{Heap after GC invocations=38 (full 0):
 garbage-first heap   total 226304K, used 109333K [0x0000000080000000, 0x0000000100000000)
  region size 1024K, 8 young (8192K), 8 survivors (8192K)
 Metaspace       used 99521K, capacity 101669K, committed 101788K, reserved 1138688K
  class space    used 12397K, capacity 13221K, committed 13336K, reserved 1048576K
}
Event: 16.032 GC heap before
{Heap before GC invocations=38 (full 0):
 garbage-first heap   total 226304K, used 168725K [0x0000000080000000, 0x0000000100000000)
  region size 1024K, 66 young (67584K), 8 survivors (8192K)
 Metaspace       used 103575K, capacity 105825K, committed 106268K, reserved 1142784K
  class space    used 12914K, capacity 13774K, committed 13976K, reserved 1048576K
}
Event: 16.041 GC heap after
{Heap after GC invocations=39 (full 0):
 garbage-first heap   total 272384K, used 111895K [0x0000000080000000, 0x0000000100000000)
  region size 1024K, 4 young (4096K), 4 survivors (4096K)
 Metaspace       used 103575K, capacity 105825K, committed 106268K, reserved 1142784K
  class space    used 12914K, capacity 13774K, committed 13976K, reserved 1048576K
}
Event: 16.853 GC heap before
{Heap before GC invocations=40 (full 0):
 garbage-first heap   total 272384K, used 209175K [0x0000000080000000, 0x0000000100000000)
  region size 1024K, 89 young (91136K), 4 survivors (4096K)
 Metaspace       used 104954K, capacity 107231K, committed 107292K, reserved 1142784K
  class space    used 13065K, capacity 13937K, committed 13976K, reserved 1048576K
}
Event: 16.866 GC heap after
{Heap after GC invocations=41 (full 0):
 garbage-first heap   total 272384K, used 134531K [0x0000000080000000, 0x0000000100000000)
  region size 1024K, 12 young (12288K), 12 survivors (12288K)
 Metaspace       used 104954K, capacity 107231K, committed 107292K, reserved 1142784K
  class space    used 13065K, capacity 13937K, committed 13976K, reserved 1048576K
}
Event: 16.873 GC heap before
{Heap before GC invocations=41 (full 0):
 garbage-first heap   total 272384K, used 135555K [0x0000000080000000, 0x0000000100000000)
  region size 1024K, 13 young (13312K), 12 survivors (12288K)
 Metaspace       used 104971K, capacity 107231K, committed 107292K, reserved 1142784K
  class space    used 13069K, capacity 13937K, committed 13976K, reserved 1048576K
}
Event: 16.881 GC heap after
{Heap after GC invocations=42 (full 0):
 garbage-first heap   total 272384K, used 125166K [0x0000000080000000, 0x0000000100000000)
  region size 1024K, 2 young (2048K), 2 survivors (2048K)
 Metaspace       used 104971K, capacity 107231K, committed 107292K, reserved 1142784K
  class space    used 13069K, capacity 13937K, committed 13976K, reserved 1048576K
}
Event: 17.204 GC heap before
{Heap before GC invocations=42 (full 0):
 garbage-first heap   total 272384K, used 158958K [0x0000000080000000, 0x0000000100000000)
  region size 1024K, 37 young (37888K), 2 survivors (2048K)
 Metaspace       used 108236K, capacity 110574K, committed 110876K, reserved 1146880K
  class space    used 13507K, capacity 14409K, committed 14488K, reserved 1048576K
}
Event: 17.210 GC heap after
{Heap after GC invocations=43 (full 0):
 garbage-first heap   total 272384K, used 128483K [0x0000000080000000, 0x0000000100000000)
  region size 1024K, 5 young (5120K), 5 survivors (5120K)
 Metaspace       used 108236K, capacity 110574K, committed 110876K, reserved 1146880K
  class space    used 13507K, capacity 14409K, committed 14488K, reserved 1048576K
}
Event: 17.881 GC heap before
{Heap before GC invocations=44 (full 0):
 garbage-first heap   total 272384K, used 240099K [0x0000000080000000, 0x0000000100000000)
  region size 1024K, 85 young (87040K), 5 survivors (5120K)
 Metaspace       used 110888K, capacity 113270K, committed 113436K, reserved 1148928K
  class space    used 14016K, capacity 14928K, committed 15000K, reserved 1048576K
}
Event: 17.908 GC heap after
{Heap after GC invocations=45 (full 0):
 garbage-first heap   total 275456K, used 170031K [0x0000000080000000, 0x0000000100000000)
  region size 1024K, 11 young (11264K), 11 survivors (11264K)
 Metaspace       used 110888K, capacity 113270K, committed 113436K, reserved 1148928K
  class space    used 14016K, capacity 14928K, committed 15000K, reserved 1048576K
}
Event: 17.918 GC heap before
{Heap before GC invocations=45 (full 0):
 garbage-first heap   total 275456K, used 172079K [0x0000000080000000, 0x0000000100000000)
  region size 1024K, 13 young (13312K), 11 survivors (11264K)
 Metaspace       used 110888K, capacity 113270K, committed 113436K, reserved 1148928K
  class space    used 14016K, capacity 14928K, committed 15000K, reserved 1048576K
}
Event: 17.936 GC heap after
{Heap after GC invocations=46 (full 0):
 garbage-first heap   total 356352K, used 168845K [0x0000000080000000, 0x0000000100000000)
  region size 1024K, 2 young (2048K), 2 survivors (2048K)
 Metaspace       used 110888K, capacity 113270K, committed 113436K, reserved 1148928K
  class space    used 14016K, capacity 14928K, committed 15000K, reserved 1048576K
}
Event: 18.330 GC heap before
{Heap before GC invocations=46 (full 0):
 garbage-first heap   total 356352K, used 265101K [0x0000000080000000, 0x0000000100000000)
  region size 1024K, 97 young (99328K), 2 survivors (2048K)
 Metaspace       used 112990K, capacity 115448K, committed 115612K, reserved 1148928K
  class space    used 14290K, capacity 15243K, committed 15384K, reserved 1048576K
}
Event: 18.364 GC heap after
{Heap after GC invocations=47 (full 0):
 garbage-first heap   total 356352K, used 213939K [0x0000000080000000, 0x0000000100000000)
  region size 1024K, 13 young (13312K), 13 survivors (13312K)
 Metaspace       used 112990K, capacity 115448K, committed 115612K, reserved 1148928K
  class space    used 14290K, capacity 15243K, committed 15384K, reserved 1048576K
}
Event: 19.016 GC heap before
{Heap before GC invocations=48 (full 0):
 garbage-first heap   total 356352K, used 261043K [0x0000000080000000, 0x0000000100000000)
  region size 1024K, 71 young (72704K), 13 survivors (13312K)
 Metaspace       used 114148K, capacity 116751K, committed 117020K, reserved 1150976K
  class space    used 14443K, capacity 15473K, committed 15512K, reserved 1048576K
}
Event: 19.036 GC heap after
{Heap after GC invocations=49 (full 0):
 garbage-first heap   total 356352K, used 210444K [0x0000000080000000, 0x0000000100000000)
  region size 1024K, 7 young (7168K), 7 survivors (7168K)
 Metaspace       used 114148K, capacity 116751K, committed 117020K, reserved 1150976K
  class space    used 14443K, capacity 15473K, committed 15512K, reserved 1048576K
}
Event: 19.124 GC heap before
{Heap before GC invocations=49 (full 0):
 garbage-first heap   total 356352K, used 220684K [0x0000000080000000, 0x0000000100000000)
  region size 1024K, 17 young (17408K), 7 survivors (7168K)
 Metaspace       used 114439K, capacity 117057K, committed 117276K, reserved 1150976K
  class space    used 14470K, capacity 15483K, committed 15512K, reserved 1048576K
}
Event: 19.138 GC heap after
{Heap after GC invocations=50 (full 0):
 garbage-first heap   total 356352K, used 206248K [0x0000000080000000, 0x0000000100000000)
  region size 1024K, 2 young (2048K), 2 survivors (2048K)
 Metaspace       used 114439K, capacity 117057K, committed 117276K, reserved 1150976K
  class space    used 14470K, capacity 15483K, committed 15512K, reserved 1048576K
}
Event: 20.305 GC heap before
{Heap before GC invocations=50 (full 0):
 garbage-first heap   total 356352K, used 286120K [0x0000000080000000, 0x0000000100000000)
  region size 1024K, 66 young (67584K), 2 survivors (2048K)
 Metaspace       used 114721K, capacity 117358K, committed 117660K, reserved 1150976K
  class space    used 14499K, capacity 15536K, committed 15640K, reserved 1048576K
}

