# JRE version: OpenJDK Runtime Environment (11.0.13) (build 11.0.13+0-b1751.21-8125866)
# Java VM: OpenJDK 64-Bit Server VM (11.0.13+0-b1751.21-8125866, mixed mode, tiered, compressed oops, g1 gc, windows-amd64)
Heap:
 garbage-first heap   total 271360K, used 246479K [0x0000000080000000, 0x0000000100000000)
  region size 1024K, 14 young (14336K), 2 survivors (2048K)
 Metaspace       used 151834K, capacity 156157K, committed 156208K, reserved 1185792K
  class space    used 19275K, capacity 20839K, committed 20864K, reserved 1048576K
GC Heap History (20 events):
Event: 3270.641 GC heap before
{Heap before GC invocations=140 (full 0):
 garbage-first heap   total 271360K, used 226171K [0x0000000080000000, 0x0000000100000000)
  region size 1024K, 23 young (23552K), 1 survivors (1024K)
 Metaspace       used 146040K, capacity 150213K, committed 150576K, reserved 1179648K
  class space    used 18628K, capacity 20090K, committed 20352K, reserved 1048576K
}
Event: 3270.690 GC heap after
{Heap after GC invocations=141 (full 0):
 garbage-first heap   total 271360K, used 203660K [0x0000000080000000, 0x0000000100000000)
  region size 1024K, 1 young (1024K), 1 survivors (1024K)
 Metaspace       used 146040K, capacity 150213K, committed 150576K, reserved 1179648K
  class space    used 18628K, capacity 20090K, committed 20352K, reserved 1048576K
}
Event: 4489.635 GC heap before
{Heap before GC invocations=141 (full 0):
 garbage-first heap   total 271360K, used 227212K [0x0000000080000000, 0x0000000100000000)
  region size 1024K, 24 young (24576K), 1 survivors (1024K)
 Metaspace       used 146051K, capacity 150213K, committed 150576K, reserved 1179648K
  class space    used 18628K, capacity 20090K, committed 20352K, reserved 1048576K
}
Event: 4489.670 GC heap after
{Heap after GC invocations=142 (full 0):
 garbage-first heap   total 271360K, used 203686K [0x0000000080000000, 0x0000000100000000)
  region size 1024K, 1 young (1024K), 1 survivors (1024K)
 Metaspace       used 146051K, capacity 150213K, committed 150576K, reserved 1179648K
  class space    used 18628K, capacity 20090K, committed 20352K, reserved 1048576K
}
Event: 4535.664 GC heap before
{Heap before GC invocations=142 (full 0):
 garbage-first heap   total 271360K, used 227238K [0x0000000080000000, 0x0000000100000000)
  region size 1024K, 25 young (25600K), 1 survivors (1024K)
 Metaspace       used 146179K, capacity 150317K, committed 150576K, reserved 1179648K
  class space    used 18649K, capacity 20113K, committed 20352K, reserved 1048576K
}
Event: 4535.819 GC heap after
{Heap after GC invocations=143 (full 0):
 garbage-first heap   total 271360K, used 205516K [0x0000000080000000, 0x0000000100000000)
  region size 1024K, 3 young (3072K), 3 survivors (3072K)
 Metaspace       used 146179K, capacity 150317K, committed 150576K, reserved 1179648K
  class space    used 18649K, capacity 20113K, committed 20352K, reserved 1048576K
}
Event: 4537.030 GC heap before
{Heap before GC invocations=143 (full 0):
 garbage-first heap   total 271360K, used 230092K [0x0000000080000000, 0x0000000100000000)
  region size 1024K, 27 young (27648K), 3 survivors (3072K)
 Metaspace       used 146863K, capacity 151074K, committed 151344K, reserved 1179648K
  class space    used 18729K, capacity 20201K, committed 20352K, reserved 1048576K
}
Event: 4537.068 GC heap after
{Heap after GC invocations=144 (full 0):
 garbage-first heap   total 271360K, used 209241K [0x0000000080000000, 0x0000000100000000)
  region size 1024K, 4 young (4096K), 4 survivors (4096K)
 Metaspace       used 146863K, capacity 151074K, committed 151344K, reserved 1179648K
  class space    used 18729K, capacity 20201K, committed 20352K, reserved 1048576K
}
Event: 4537.647 GC heap before
{Heap before GC invocations=144 (full 0):
 garbage-first heap   total 271360K, used 230745K [0x0000000080000000, 0x0000000100000000)
  region size 1024K, 26 young (26624K), 4 survivors (4096K)
 Metaspace       used 149339K, capacity 153669K, committed 153904K, reserved 1183744K
  class space    used 18968K, capacity 20488K, committed 20608K, reserved 1048576K
}
Event: 4537.659 GC heap after
{Heap after GC invocations=145 (full 0):
 garbage-first heap   total 271360K, used 211321K [0x0000000080000000, 0x0000000100000000)
  region size 1024K, 2 young (2048K), 2 survivors (2048K)
 Metaspace       used 149339K, capacity 153669K, committed 153904K, reserved 1183744K
  class space    used 18968K, capacity 20488K, committed 20608K, reserved 1048576K
}
Event: 4537.960 GC heap before
{Heap before GC invocations=145 (full 0):
 garbage-first heap   total 271360K, used 233849K [0x0000000080000000, 0x0000000100000000)
  region size 1024K, 24 young (24576K), 2 survivors (2048K)
 Metaspace       used 150079K, capacity 154458K, committed 154800K, reserved 1183744K
  class space    used 19094K, capacity 20634K, committed 20736K, reserved 1048576K
}
Event: 4537.970 GC heap after
{Heap after GC invocations=146 (full 0):
 garbage-first heap   total 271360K, used 213405K [0x0000000080000000, 0x0000000100000000)
  region size 1024K, 2 young (2048K), 2 survivors (2048K)
 Metaspace       used 150079K, capacity 154458K, committed 154800K, reserved 1183744K
  class space    used 19094K, capacity 20634K, committed 20736K, reserved 1048576K
}
Event: 4538.432 GC heap before
{Heap before GC invocations=146 (full 0):
 garbage-first heap   total 271360K, used 233885K [0x0000000080000000, 0x0000000100000000)
  region size 1024K, 23 young (23552K), 2 survivors (2048K)
 Metaspace       used 151181K, capacity 155595K, committed 155696K, reserved 1183744K
  class space    used 19240K, capacity 20803K, committed 20864K, reserved 1048576K
}
Event: 4538.445 GC heap after
{Heap after GC invocations=147 (full 0):
 garbage-first heap   total 271360K, used 215157K [0x0000000080000000, 0x0000000100000000)
  region size 1024K, 2 young (2048K), 2 survivors (2048K)
 Metaspace       used 151181K, capacity 155595K, committed 155696K, reserved 1183744K
  class space    used 19240K, capacity 20803K, committed 20864K, reserved 1048576K
}
Event: 4538.926 GC heap before
{Heap before GC invocations=147 (full 0):
 garbage-first heap   total 271360K, used 235637K [0x0000000080000000, 0x0000000100000000)
  region size 1024K, 22 young (22528K), 2 survivors (2048K)
 Metaspace       used 151637K, capacity 156029K, committed 156208K, reserved 1185792K
  class space    used 19275K, capacity 20839K, committed 20864K, reserved 1048576K
}
Event: 4538.930 GC heap after
{Heap after GC invocations=148 (full 0):
 garbage-first heap   total 271360K, used 216076K [0x0000000080000000, 0x0000000100000000)
  region size 1024K, 3 young (3072K), 3 survivors (3072K)
 Metaspace       used 151637K, capacity 156029K, committed 156208K, reserved 1185792K
  class space    used 19275K, capacity 20839K, committed 20864K, reserved 1048576K
}
Event: 4539.834 GC heap before
{Heap before GC invocations=148 (full 0):
 garbage-first heap   total 271360K, used 235532K [0x0000000080000000, 0x0000000100000000)
  region size 1024K, 23 young (23552K), 3 survivors (3072K)
 Metaspace       used 151785K, capacity 156157K, committed 156208K, reserved 1185792K
  class space    used 19275K, capacity 20839K, committed 20864K, reserved 1048576K
}
Event: 4539.916 GC heap after
{Heap after GC invocations=149 (full 0):
 garbage-first heap   total 271360K, used 221083K [0x0000000080000000, 0x0000000100000000)
  region size 1024K, 3 young (3072K), 3 survivors (3072K)
 Metaspace       used 151785K, capacity 156157K, committed 156208K, reserved 1185792K
  class space    used 19275K, capacity 20839K, committed 20864K, reserved 1048576K
}
Event: 4540.313 GC heap before
{Heap before GC invocations=149 (full 0):
 garbage-first heap   total 271360K, used 236443K [0x0000000080000000, 0x0000000100000000)
  region size 1024K, 18 young (18432K), 3 survivors (3072K)
 Metaspace       used 151806K, capacity 156157K, committed 156208K, reserved 1185792K
  class space    used 19275K, capacity 20839K, committed 20864K, reserved 1048576K
}
Event: 4540.332 GC heap after
{Heap after GC invocations=150 (full 0):
 garbage-first heap   total 271360K, used 224975K [0x0000000080000000, 0x0000000100000000)
  region size 1024K, 3 young (3072K), 3 survivors (3072K)
 Metaspace       used 151806K, capacity 156157K, committed 156208K, reserved 1185792K
  class space    used 19275K, capacity 20839K, committed 20864K, reserved 1048576K
}

